<?xml version="1.0" encoding="UTF-8"?>
<!-- Generated by org.testng.reporters.JUnitReportReporter -->
<testsuite hostname="macbookprojp-5.home" name="org.sane80bits.converter.saneExtendedPrecision.tests.TestSane80bitsByteArrayToDouble" tests="20" failures="0" timestamp="11 Feb 2012 21:49:30 GMT" time="0.698" errors="0">
  <testcase name="sane80bitsByteArray22255toDouble" time="0.009" classname="org.sane80bits.converter.saneExtendedPrecision.tests.TestSane80bitsByteArrayToDouble"/>
  <testcase name="sane80bitsByteArrayInfinityToDouble" time="0.026" classname="org.sane80bits.converter.saneExtendedPrecision.tests.TestSane80bitsByteArrayToDouble"/>
  <testcase name="sane80bitsByteArrayNegativeZeroToDouble" time="0.020" classname="org.sane80bits.converter.saneExtendedPrecision.tests.TestSane80bitsByteArrayToDouble"/>
  <testcase name="sane80bitsByteArrayMinus11127toBinaryString" time="0.014" classname="org.sane80bits.converter.saneExtendedPrecision.tests.TestSane80bitsByteArrayToDouble"/>
  <testcase name="sane80bitsByteArrayHalftoDouble" time="0.013" classname="org.sane80bits.converter.saneExtendedPrecision.tests.TestSane80bitsByteArrayToDouble"/>
  <testcase name="sane80bitsByteArayThreeQuarterToDouble" time="0.011" classname="org.sane80bits.converter.saneExtendedPrecision.tests.TestSane80bitsByteArrayToDouble"/>
  <testcase name="sane80bitsByteArrayPositiveZeroToDouble" time="0.071" classname="org.sane80bits.converter.saneExtendedPrecision.tests.TestSane80bitsByteArrayToDouble"/>
  <testcase name="sane80bitsByteArrayMinus1toDouble" time="0.016" classname="org.sane80bits.converter.saneExtendedPrecision.tests.TestSane80bitsByteArrayToDouble"/>
  <testcase name="sane80bitsByteArrayNotaNumberToDouble" time="0.009" classname="org.sane80bits.converter.saneExtendedPrecision.tests.TestSane80bitsByteArrayToDouble"/>
  <testcase name="sane80bitsByteArray1ToDouble" time="0.012" classname="org.sane80bits.converter.saneExtendedPrecision.tests.TestSane80bitsByteArrayToDouble"/>
  <testcase name="sane80bitsByteArray44100toDouble" time="0.022" classname="org.sane80bits.converter.saneExtendedPrecision.tests.TestSane80bitsByteArrayToDouble"/>
  <testcase name="sane80bitsByteArrayNegativeNotaNumberToDouble" time="0.057" classname="org.sane80bits.converter.saneExtendedPrecision.tests.TestSane80bitsByteArrayToDouble"/>
  <testcase name="sane80bits2toSane80bitsDouble" time="0.289" classname="org.sane80bits.converter.saneExtendedPrecision.tests.TestSane80bitsByteArrayToDouble"/>
  <testcase name="sane80bitsByteArrayMinus22255" time="0.011" classname="org.sane80bits.converter.saneExtendedPrecision.tests.TestSane80bitsByteArrayToDouble"/>
  <testcase name="sane80bitsByteArray11127toDouble" time="0.009" classname="org.sane80bits.converter.saneExtendedPrecision.tests.TestSane80bitsByteArrayToDouble"/>
  <testcase name="sane80bitsByteArray48000toDouble" time="0.011" classname="org.sane80bits.converter.saneExtendedPrecision.tests.TestSane80bitsByteArrayToDouble"/>
  <testcase name="sane80bitsByteArray8000toDouble" time="0.011" classname="org.sane80bits.converter.saneExtendedPrecision.tests.TestSane80bitsByteArrayToDouble"/>
  <testcase name="sane80bitsByteArray32000toDouble" time="0.040" classname="org.sane80bits.converter.saneExtendedPrecision.tests.TestSane80bitsByteArrayToDouble"/>
  <testcase name="sane80bitsByteArray11127toBinaryString" time="0.013" classname="org.sane80bits.converter.saneExtendedPrecision.tests.TestSane80bitsByteArrayToDouble"/>
  <testcase name="sane80bitsByteArrayMinusInfinityToDouble" time="0.034" classname="org.sane80bits.converter.saneExtendedPrecision.tests.TestSane80bitsByteArrayToDouble"/>
</testsuite>
