<?xml version="1.0" encoding="UTF-8"?>
<!-- Generated by org.testng.reporters.JUnitReportReporter -->
<testsuite hostname="macbookprojp-5.home" name="org.sane80bits.converter.saneExtendedPrecision.tests.TestDoubleToSane80BitsByteArray" tests="13" failures="0" timestamp="10 Feb 2012 22:47:36 GMT" time="0.344" errors="0">
  <testcase name="double8000toByteArray" time="0.019" classname="org.sane80bits.converter.saneExtendedPrecision.tests.TestDoubleToSane80BitsByteArray"/>
  <testcase name="doubleMinus1toByteArray" time="0.014" classname="org.sane80bits.converter.saneExtendedPrecision.tests.TestDoubleToSane80BitsByteArray"/>
  <testcase name="doubleNaNtoSane80bitsByteArray" time="0.032" classname="org.sane80bits.converter.saneExtendedPrecision.tests.TestDoubleToSane80BitsByteArray"/>
  <testcase name="double11127toSane80bitsByteArray" time="0.088" classname="org.sane80bits.converter.saneExtendedPrecision.tests.TestDoubleToSane80BitsByteArray"/>
  <testcase name="doubleHalfToSane80bitsByteArray" time="0.021" classname="org.sane80bits.converter.saneExtendedPrecision.tests.TestDoubleToSane80BitsByteArray"/>
  <testcase name="double1point5toByteArray" time="0.026" classname="org.sane80bits.converter.saneExtendedPrecision.tests.TestDoubleToSane80BitsByteArray"/>
  <testcase name="double2toByteArray" time="0.013" classname="org.sane80bits.converter.saneExtendedPrecision.tests.TestDoubleToSane80BitsByteArray"/>
  <testcase name="doubleInfinityToSane80bitsByteArray" time="0.024" classname="org.sane80bits.converter.saneExtendedPrecision.tests.TestDoubleToSane80BitsByteArray"/>
  <testcase name="doubleNegative48000toSane80bitsByteArray" time="0.021" classname="org.sane80bits.converter.saneExtendedPrecision.tests.TestDoubleToSane80BitsByteArray"/>
  <testcase name="doubleOneToSane80bitsByteArray" time="0.012" classname="org.sane80bits.converter.saneExtendedPrecision.tests.TestDoubleToSane80BitsByteArray"/>
  <testcase name="doubleNegativeInfinityToSane80bitsByteArray" time="0.013" classname="org.sane80bits.converter.saneExtendedPrecision.tests.TestDoubleToSane80BitsByteArray"/>
  <testcase name="double48000toSane80bitsByteArray" time="0.028" classname="org.sane80bits.converter.saneExtendedPrecision.tests.TestDoubleToSane80BitsByteArray"/>
  <testcase name="doubleTo11127toSane80bitsByteArray" time="0.033" classname="org.sane80bits.converter.saneExtendedPrecision.tests.TestDoubleToSane80BitsByteArray"/>
</testsuite>
