<?xml version="1.0" encoding="UTF-8"?>
<!-- Generated by org.testng.reporters.JUnitReportReporter -->
<testsuite hostname="macbookprojp-5.home" name="org.sane80bits.converter.saneExtendedPrecision.tests.TestDoubleToSane80BitsByteArray" tests="14" failures="0" timestamp="12 Feb 2012 18:54:16 GMT" time="0.367" errors="0">
  <testcase name="double8000toByteArray" time="0.008" classname="org.sane80bits.converter.saneExtendedPrecision.tests.TestDoubleToSane80BitsByteArray"/>
  <testcase name="double0point1toByteArray" time="0.040" classname="org.sane80bits.converter.saneExtendedPrecision.tests.TestDoubleToSane80BitsByteArray"/>
  <testcase name="doubleInfinityToSane80bitsByteArray" time="0.012" classname="org.sane80bits.converter.saneExtendedPrecision.tests.TestDoubleToSane80BitsByteArray"/>
  <testcase name="double48000toSane80bitsByteArray" time="0.019" classname="org.sane80bits.converter.saneExtendedPrecision.tests.TestDoubleToSane80BitsByteArray"/>
  <testcase name="double2toByteArray" time="0.104" classname="org.sane80bits.converter.saneExtendedPrecision.tests.TestDoubleToSane80BitsByteArray"/>
  <testcase name="double11127toSane80bitsByteArray" time="0.025" classname="org.sane80bits.converter.saneExtendedPrecision.tests.TestDoubleToSane80BitsByteArray"/>
  <testcase name="doubleMinus1toByteArray" time="0.012" classname="org.sane80bits.converter.saneExtendedPrecision.tests.TestDoubleToSane80BitsByteArray"/>
  <testcase name="doubleHalfToSane80bitsByteArray" time="0.027" classname="org.sane80bits.converter.saneExtendedPrecision.tests.TestDoubleToSane80BitsByteArray"/>
  <testcase name="doubleOneToSane80bitsByteArray" time="0.012" classname="org.sane80bits.converter.saneExtendedPrecision.tests.TestDoubleToSane80BitsByteArray"/>
  <testcase name="doubleNaNtoSane80bitsByteArray" time="0.012" classname="org.sane80bits.converter.saneExtendedPrecision.tests.TestDoubleToSane80BitsByteArray"/>
  <testcase name="doubleNegative48000toSane80bitsByteArray" time="0.052" classname="org.sane80bits.converter.saneExtendedPrecision.tests.TestDoubleToSane80BitsByteArray"/>
  <testcase name="doubleTo11127toSane80bitsByteArray" time="0.009" classname="org.sane80bits.converter.saneExtendedPrecision.tests.TestDoubleToSane80BitsByteArray"/>
  <testcase name="doubleNegativeInfinityToSane80bitsByteArray" time="0.013" classname="org.sane80bits.converter.saneExtendedPrecision.tests.TestDoubleToSane80BitsByteArray"/>
  <testcase name="double1point5toByteArray" time="0.022" classname="org.sane80bits.converter.saneExtendedPrecision.tests.TestDoubleToSane80BitsByteArray"/>
</testsuite>
