<?xml version="1.0" encoding="UTF-8"?>
<!-- Generated by org.testng.reporters.JUnitReportReporter -->
<testsuite hostname="macbookprojp-5.home" name="org.sane80bits.converter.saneExtendedPrecision.tests.TestNullConversion64bits" tests="10" failures="0" timestamp="11 Feb 2012 22:04:56 GMT" time="0.577" errors="0">
  <testcase name="nullConversion64bitsPI" time="0.011" classname="org.sane80bits.converter.saneExtendedPrecision.tests.TestNullConversion64bits"/>
  <testcase name="nullConversion64bits4" time="0.011" classname="org.sane80bits.converter.saneExtendedPrecision.tests.TestNullConversion64bits"/>
  <testcase name="nullConversion64bits3" time="0.028" classname="org.sane80bits.converter.saneExtendedPrecision.tests.TestNullConversion64bits"/>
  <testcase name="nullConversion64bits0" time="0.017" classname="org.sane80bits.converter.saneExtendedPrecision.tests.TestNullConversion64bits"/>
  <testcase name="nullConversion64bits16" time="0.016" classname="org.sane80bits.converter.saneExtendedPrecision.tests.TestNullConversion64bits"/>
  <testcase name="nullConversion64bits1" time="0.047" classname="org.sane80bits.converter.saneExtendedPrecision.tests.TestNullConversion64bits"/>
  <testcase name="nullConversion64bits1to100" time="0.341" classname="org.sane80bits.converter.saneExtendedPrecision.tests.TestNullConversion64bits"/>
  <testcase name="nullConversion64bits2" time="0.059" classname="org.sane80bits.converter.saneExtendedPrecision.tests.TestNullConversion64bits"/>
  <testcase name="nullConversion64bitsNaN" time="0.022" classname="org.sane80bits.converter.saneExtendedPrecision.tests.TestNullConversion64bits"/>
  <testcase name="nullConversion64bits0point1" time="0.025" classname="org.sane80bits.converter.saneExtendedPrecision.tests.TestNullConversion64bits"/>
</testsuite>
