<?xml version="1.0" encoding="UTF-8"?>
<!-- Generated by org.testng.reporters.JUnitReportReporter -->
<testsuite hostname="macbookprojp-5.home" name="org.sane80bits.converter.saneExtendedPrecision.tests.TestSane80bitsByteArrayToDouble" tests="20" failures="0" timestamp="10 Feb 2012 22:47:36 GMT" time="0.710" errors="0">
  <testcase name="sane80bitsByteArrayMinus11127toBinaryString" time="0.014" classname="org.sane80bits.converter.saneExtendedPrecision.tests.TestSane80bitsByteArrayToDouble"/>
  <testcase name="sane80bitsByteArrayMinus1toDouble" time="0.022" classname="org.sane80bits.converter.saneExtendedPrecision.tests.TestSane80bitsByteArrayToDouble"/>
  <testcase name="sane80bitsByteArray11127toBinaryString" time="0.022" classname="org.sane80bits.converter.saneExtendedPrecision.tests.TestSane80bitsByteArrayToDouble"/>
  <testcase name="sane80bitsByteArrayNotaNumberToDouble" time="0.034" classname="org.sane80bits.converter.saneExtendedPrecision.tests.TestSane80bitsByteArrayToDouble"/>
  <testcase name="sane80bitsByteArayThreeQuarterToDouble" time="0.013" classname="org.sane80bits.converter.saneExtendedPrecision.tests.TestSane80bitsByteArrayToDouble"/>
  <testcase name="sane80bitsByteArray44100toDouble" time="0.046" classname="org.sane80bits.converter.saneExtendedPrecision.tests.TestSane80bitsByteArrayToDouble"/>
  <testcase name="sane80bitsByteArrayMinusInfinityToDouble" time="0.048" classname="org.sane80bits.converter.saneExtendedPrecision.tests.TestSane80bitsByteArrayToDouble"/>
  <testcase name="sane80bitsByteArrayHalftoDouble" time="0.046" classname="org.sane80bits.converter.saneExtendedPrecision.tests.TestSane80bitsByteArrayToDouble"/>
  <testcase name="sane80bitsByteArray1ToDouble" time="0.034" classname="org.sane80bits.converter.saneExtendedPrecision.tests.TestSane80bitsByteArrayToDouble"/>
  <testcase name="sane80bitsByteArrayNegativeZeroToDouble" time="0.018" classname="org.sane80bits.converter.saneExtendedPrecision.tests.TestSane80bitsByteArrayToDouble"/>
  <testcase name="sane80bitsByteArray8000toDouble" time="0.012" classname="org.sane80bits.converter.saneExtendedPrecision.tests.TestSane80bitsByteArrayToDouble"/>
  <testcase name="sane80bitsByteArray48000toDouble" time="0.024" classname="org.sane80bits.converter.saneExtendedPrecision.tests.TestSane80bitsByteArrayToDouble"/>
  <testcase name="sane80bitsByteArray32000toDouble" time="0.023" classname="org.sane80bits.converter.saneExtendedPrecision.tests.TestSane80bitsByteArrayToDouble"/>
  <testcase name="sane80bitsByteArrayPositiveZeroToDouble" time="0.031" classname="org.sane80bits.converter.saneExtendedPrecision.tests.TestSane80bitsByteArrayToDouble"/>
  <testcase name="sane80bitsByteArrayNegativeNotaNumberToDouble" time="0.050" classname="org.sane80bits.converter.saneExtendedPrecision.tests.TestSane80bitsByteArrayToDouble"/>
  <testcase name="sane80bitsByteArrayInfinityToDouble" time="0.038" classname="org.sane80bits.converter.saneExtendedPrecision.tests.TestSane80bitsByteArrayToDouble"/>
  <testcase name="sane80bitsByteArrayMinus22255" time="0.050" classname="org.sane80bits.converter.saneExtendedPrecision.tests.TestSane80bitsByteArrayToDouble"/>
  <testcase name="sane80bits2toSane80bitsDouble" time="0.147" classname="org.sane80bits.converter.saneExtendedPrecision.tests.TestSane80bitsByteArrayToDouble"/>
  <testcase name="sane80bitsByteArray11127toDouble" time="0.021" classname="org.sane80bits.converter.saneExtendedPrecision.tests.TestSane80bitsByteArrayToDouble"/>
  <testcase name="sane80bitsByteArray22255toDouble" time="0.017" classname="org.sane80bits.converter.saneExtendedPrecision.tests.TestSane80bitsByteArrayToDouble"/>
</testsuite>
