<?xml version="1.0" encoding="UTF-8"?>
<!-- Generated by org.testng.reporters.JUnitReportReporter -->
<testsuite hostname="macbookprojp-5.home" name="org.sane80bits.converter.saneExtendedPrecision.TestOfSANE80bits" tests="43" failures="0" timestamp="10 Feb 2012 21:46:02 GMT" time="3.673" errors="0">
  <testcase name="nullConversion64bits3" time="0.062" classname="org.sane80bits.converter.saneExtendedPrecision.TestOfSANE80bits"/>
  <testcase name="sane80bitsByteArrayMinus11127toBinaryString" time="0.058" classname="org.sane80bits.converter.saneExtendedPrecision.TestOfSANE80bits"/>
  <testcase name="sane80bitsByteArray44100toDouble" time="0.015" classname="org.sane80bits.converter.saneExtendedPrecision.TestOfSANE80bits"/>
  <testcase name="double2toByteArray" time="0.089" classname="org.sane80bits.converter.saneExtendedPrecision.TestOfSANE80bits"/>
  <testcase name="sane80bitsByteArrayPositiveZeroToDouble" time="0.009" classname="org.sane80bits.converter.saneExtendedPrecision.TestOfSANE80bits"/>
  <testcase name="sane80bitsByteArrayMinus22255" time="0.007" classname="org.sane80bits.converter.saneExtendedPrecision.TestOfSANE80bits"/>
  <testcase name="doubleNaNtoSane80bitsByteArray" time="0.021" classname="org.sane80bits.converter.saneExtendedPrecision.TestOfSANE80bits"/>
  <testcase name="nullConversion64bitsNaN" time="0.015" classname="org.sane80bits.converter.saneExtendedPrecision.TestOfSANE80bits"/>
  <testcase name="doubleNegative48000toSane80bitsByteArray" time="0.020" classname="org.sane80bits.converter.saneExtendedPrecision.TestOfSANE80bits"/>
  <testcase name="sane80bitsByteArayThreeQuarterToDouble" time="0.009" classname="org.sane80bits.converter.saneExtendedPrecision.TestOfSANE80bits"/>
  <testcase name="nullConversion64bitsPI" time="0.087" classname="org.sane80bits.converter.saneExtendedPrecision.TestOfSANE80bits"/>
  <testcase name="doubleHalfToSane80bitsByteArray" time="0.017" classname="org.sane80bits.converter.saneExtendedPrecision.TestOfSANE80bits"/>
  <testcase name="sane80bitsByteArrayInfinityToDouble" time="0.014" classname="org.sane80bits.converter.saneExtendedPrecision.TestOfSANE80bits"/>
  <testcase name="sane80bitsByteArrayNegativeNotaNumberToDouble" time="0.032" classname="org.sane80bits.converter.saneExtendedPrecision.TestOfSANE80bits"/>
  <testcase name="sane80bitsByteArray11127toDouble" time="0.040" classname="org.sane80bits.converter.saneExtendedPrecision.TestOfSANE80bits"/>
  <testcase name="nullConversion64bits0" time="0.107" classname="org.sane80bits.converter.saneExtendedPrecision.TestOfSANE80bits"/>
  <testcase name="sane80bitsByteArrayNotaNumberToDouble" time="0.038" classname="org.sane80bits.converter.saneExtendedPrecision.TestOfSANE80bits"/>
  <testcase name="sane80bitsByteArray32000toDouble" time="0.036" classname="org.sane80bits.converter.saneExtendedPrecision.TestOfSANE80bits"/>
  <testcase name="nullConversion64bits1" time="0.042" classname="org.sane80bits.converter.saneExtendedPrecision.TestOfSANE80bits"/>
  <testcase name="doubleMinus1toByteArray" time="0.028" classname="org.sane80bits.converter.saneExtendedPrecision.TestOfSANE80bits"/>
  <testcase name="sane80bitsByteArrayMinusInfinityToDouble" time="0.025" classname="org.sane80bits.converter.saneExtendedPrecision.TestOfSANE80bits"/>
  <testcase name="sane80bits2toSane80bitsDouble" time="0.032" classname="org.sane80bits.converter.saneExtendedPrecision.TestOfSANE80bits"/>
  <testcase name="sane80bitsByteArray11127toBinaryString" time="0.051" classname="org.sane80bits.converter.saneExtendedPrecision.TestOfSANE80bits"/>
  <testcase name="sane80bitsByteArrayHalftoDouble" time="0.014" classname="org.sane80bits.converter.saneExtendedPrecision.TestOfSANE80bits"/>
  <testcase name="doubleTo11127toSane80bitsByteArray" time="0.121" classname="org.sane80bits.converter.saneExtendedPrecision.TestOfSANE80bits"/>
  <testcase name="double1point5toByteArray" time="0.023" classname="org.sane80bits.converter.saneExtendedPrecision.TestOfSANE80bits"/>
  <testcase name="sane80bitsByteArrayNegativeZeroToDouble" time="0.028" classname="org.sane80bits.converter.saneExtendedPrecision.TestOfSANE80bits"/>
  <testcase name="nullConversion64bits2" time="0.024" classname="org.sane80bits.converter.saneExtendedPrecision.TestOfSANE80bits"/>
  <testcase name="doubleOneToSane80bitsByteArray" time="0.049" classname="org.sane80bits.converter.saneExtendedPrecision.TestOfSANE80bits"/>
  <testcase name="doubleNegativeInfinityToSane80bitsByteArray" time="0.027" classname="org.sane80bits.converter.saneExtendedPrecision.TestOfSANE80bits"/>
  <testcase name="nullConversion64bits16" time="0.029" classname="org.sane80bits.converter.saneExtendedPrecision.TestOfSANE80bits"/>
  <testcase name="nullConversion64bits01" time="0.115" classname="org.sane80bits.converter.saneExtendedPrecision.TestOfSANE80bits"/>
  <testcase name="sane80bitsByteArray48000toDouble" time="0.007" classname="org.sane80bits.converter.saneExtendedPrecision.TestOfSANE80bits"/>
  <testcase name="sane80bitsByteArray1ToDouble" time="0.021" classname="org.sane80bits.converter.saneExtendedPrecision.TestOfSANE80bits"/>
  <testcase name="nullConversion64bits4" time="0.009" classname="org.sane80bits.converter.saneExtendedPrecision.TestOfSANE80bits"/>
  <testcase name="double11127toSane80bitsByteArray" time="0.570" classname="org.sane80bits.converter.saneExtendedPrecision.TestOfSANE80bits"/>
  <testcase name="sane80bitsByteArray22255toDouble" time="0.036" classname="org.sane80bits.converter.saneExtendedPrecision.TestOfSANE80bits"/>
  <testcase name="double8000toByteArray" time="0.062" classname="org.sane80bits.converter.saneExtendedPrecision.TestOfSANE80bits"/>
  <testcase name="doubleInfinityToSane80bitsByteArray" time="0.081" classname="org.sane80bits.converter.saneExtendedPrecision.TestOfSANE80bits"/>
  <testcase name="nullConversion64bits1to100" time="1.542" classname="org.sane80bits.converter.saneExtendedPrecision.TestOfSANE80bits"/>
  <testcase name="sane80bitsByteArrayMinus1toDouble" time="0.017" classname="org.sane80bits.converter.saneExtendedPrecision.TestOfSANE80bits"/>
  <testcase name="double48000toSane80bitsByteArray" time="0.032" classname="org.sane80bits.converter.saneExtendedPrecision.TestOfSANE80bits"/>
  <testcase name="sane80bitsByteArray8000toDouble" time="0.012" classname="org.sane80bits.converter.saneExtendedPrecision.TestOfSANE80bits"/>
</testsuite>
