<?xml version="1.0" encoding="UTF-8"?>
<!-- Generated by org.testng.reporters.JUnitReportReporter -->
<testsuite hostname="macbookprojp-5.home" name="org.sane80bits.converter.saneExtendedPrecision.tests.TestNullConversion64bits" tests="10" failures="0" timestamp="12 Feb 2012 18:54:16 GMT" time="0.777" errors="0">
  <testcase name="nullConversion64bits4" time="0.008" classname="org.sane80bits.converter.saneExtendedPrecision.tests.TestNullConversion64bits"/>
  <testcase name="nullConversion64bits1to100" time="0.544" classname="org.sane80bits.converter.saneExtendedPrecision.tests.TestNullConversion64bits"/>
  <testcase name="nullConversion64bitsPI" time="0.058" classname="org.sane80bits.converter.saneExtendedPrecision.tests.TestNullConversion64bits"/>
  <testcase name="nullConversion64bitsNaN" time="0.020" classname="org.sane80bits.converter.saneExtendedPrecision.tests.TestNullConversion64bits"/>
  <testcase name="nullConversion64bits0point1" time="0.020" classname="org.sane80bits.converter.saneExtendedPrecision.tests.TestNullConversion64bits"/>
  <testcase name="nullConversion64bits3" time="0.019" classname="org.sane80bits.converter.saneExtendedPrecision.tests.TestNullConversion64bits"/>
  <testcase name="nullConversion64bits0" time="0.023" classname="org.sane80bits.converter.saneExtendedPrecision.tests.TestNullConversion64bits"/>
  <testcase name="nullConversion64bits1" time="0.042" classname="org.sane80bits.converter.saneExtendedPrecision.tests.TestNullConversion64bits"/>
  <testcase name="nullConversion64bits2" time="0.025" classname="org.sane80bits.converter.saneExtendedPrecision.tests.TestNullConversion64bits"/>
  <testcase name="nullConversion64bits16" time="0.018" classname="org.sane80bits.converter.saneExtendedPrecision.tests.TestNullConversion64bits"/>
</testsuite>
