<?xml version="1.0" encoding="UTF-8"?>
<!-- Generated by org.testng.reporters.JUnitReportReporter -->
<testsuite hostname="new-host.home" name="org.sane80bits.converter.saneExtendedPrecision.tests.TestDoubleToSane80BitsByteArray" tests="14" failures="0" timestamp="4 Mar 2012 08:44:25 GMT" time="0.099" errors="0">
  <testcase name="doubleNegativeInfinityToSane80bitsByteArray" time="0.005" classname="org.sane80bits.converter.saneExtendedPrecision.tests.TestDoubleToSane80BitsByteArray"/>
  <testcase name="doubleMinus1toByteArray" time="0.006" classname="org.sane80bits.converter.saneExtendedPrecision.tests.TestDoubleToSane80BitsByteArray"/>
  <testcase name="double8000toByteArray" time="0.008" classname="org.sane80bits.converter.saneExtendedPrecision.tests.TestDoubleToSane80BitsByteArray"/>
  <testcase name="double48000toSane80bitsByteArray" time="0.014" classname="org.sane80bits.converter.saneExtendedPrecision.tests.TestDoubleToSane80BitsByteArray"/>
  <testcase name="doubleNaNtoSane80bitsByteArray" time="0.006" classname="org.sane80bits.converter.saneExtendedPrecision.tests.TestDoubleToSane80BitsByteArray"/>
  <testcase name="doubleInfinityToSane80bitsByteArray" time="0.008" classname="org.sane80bits.converter.saneExtendedPrecision.tests.TestDoubleToSane80BitsByteArray"/>
  <testcase name="doubleOneToSane80bitsByteArray" time="0.005" classname="org.sane80bits.converter.saneExtendedPrecision.tests.TestDoubleToSane80BitsByteArray"/>
  <testcase name="double0point1toByteArray" time="0.008" classname="org.sane80bits.converter.saneExtendedPrecision.tests.TestDoubleToSane80BitsByteArray"/>
  <testcase name="doubleHalfToSane80bitsByteArray" time="0.007" classname="org.sane80bits.converter.saneExtendedPrecision.tests.TestDoubleToSane80BitsByteArray"/>
  <testcase name="double11127toSane80bitsByteArray" time="0.009" classname="org.sane80bits.converter.saneExtendedPrecision.tests.TestDoubleToSane80BitsByteArray"/>
  <testcase name="double2toByteArray" time="0.006" classname="org.sane80bits.converter.saneExtendedPrecision.tests.TestDoubleToSane80BitsByteArray"/>
  <testcase name="doubleTo11127toSane80bitsByteArray" time="0.005" classname="org.sane80bits.converter.saneExtendedPrecision.tests.TestDoubleToSane80BitsByteArray"/>
  <testcase name="double1point5toByteArray" time="0.007" classname="org.sane80bits.converter.saneExtendedPrecision.tests.TestDoubleToSane80BitsByteArray"/>
  <testcase name="doubleNegative48000toSane80bitsByteArray" time="0.005" classname="org.sane80bits.converter.saneExtendedPrecision.tests.TestDoubleToSane80BitsByteArray"/>
</testsuite> <!-- org.sane80bits.converter.saneExtendedPrecision.tests.TestDoubleToSane80BitsByteArray -->
