<?xml version="1.0" encoding="UTF-8"?>
<!-- Generated by org.testng.reporters.JUnitReportReporter -->
<testsuite hostname="macbookprojp-5.home" name="org.sane80bits.converter.saneExtendedPrecision.tests.TestNullConversion64bits" tests="10" failures="0" timestamp="10 Feb 2012 22:47:36 GMT" time="0.744" errors="0">
  <testcase name="nullConversion64bitsNaN" time="0.048" classname="org.sane80bits.converter.saneExtendedPrecision.tests.TestNullConversion64bits"/>
  <testcase name="nullConversion64bits01" time="0.041" classname="org.sane80bits.converter.saneExtendedPrecision.tests.TestNullConversion64bits"/>
  <testcase name="nullConversion64bits16" time="0.056" classname="org.sane80bits.converter.saneExtendedPrecision.tests.TestNullConversion64bits"/>
  <testcase name="nullConversion64bits4" time="0.036" classname="org.sane80bits.converter.saneExtendedPrecision.tests.TestNullConversion64bits"/>
  <testcase name="nullConversion64bitsPI" time="0.129" classname="org.sane80bits.converter.saneExtendedPrecision.tests.TestNullConversion64bits"/>
  <testcase name="nullConversion64bits0" time="0.015" classname="org.sane80bits.converter.saneExtendedPrecision.tests.TestNullConversion64bits"/>
  <testcase name="nullConversion64bits1to100" time="0.279" classname="org.sane80bits.converter.saneExtendedPrecision.tests.TestNullConversion64bits"/>
  <testcase name="nullConversion64bits3" time="0.058" classname="org.sane80bits.converter.saneExtendedPrecision.tests.TestNullConversion64bits"/>
  <testcase name="nullConversion64bits1" time="0.030" classname="org.sane80bits.converter.saneExtendedPrecision.tests.TestNullConversion64bits"/>
  <testcase name="nullConversion64bits2" time="0.052" classname="org.sane80bits.converter.saneExtendedPrecision.tests.TestNullConversion64bits"/>
</testsuite>
