<?xml version="1.0" encoding="UTF-8"?>
<!-- Generated by org.testng.reporters.JUnitReportReporter -->
<testsuite hostname="macbookprojp-5.home" name="ieee754.testSANE" tests="28" failures="0" timestamp="5 Dec 2011 21:47:51 GMT" time="0.254" errors="0">
  <testcase name="float2" time="0.001" classname="ieee754.testSANE"/>
  <testcase name="floatNegativeNotaNumber" time="0.001" classname="ieee754.testSANE"/>
  <testcase name="floatNegativeZero" time="0.001" classname="ieee754.testSANE"/>
  <testcase name="float_64bitsNaN" time="0.002" classname="ieee754.testSANE"/>
  <testcase name="floatPI" time="0.001" classname="ieee754.testSANE"/>
  <testcase name="float_64bits3" time="0.002" classname="ieee754.testSANE"/>
  <testcase name="floatPositiveZero" time="0.001" classname="ieee754.testSANE"/>
  <testcase name="float32000" time="0.000" classname="ieee754.testSANE"/>
  <testcase name="float_64bits4" time="0.001" classname="ieee754.testSANE"/>
  <testcase name="float_64bits2" time="0.001" classname="ieee754.testSANE"/>
  <testcase name="floatMinus22255" time="0.001" classname="ieee754.testSANE"/>
  <testcase name="floatInfinity" time="0.001" classname="ieee754.testSANE"/>
  <testcase name="float44100" time="0.000" classname="ieee754.testSANE"/>
  <testcase name="floatMinusInfinity" time="0.014" classname="ieee754.testSANE"/>
  <testcase name="floatHalf" time="0.001" classname="ieee754.testSANE"/>
  <testcase name="float1" time="0.016" classname="ieee754.testSANE"/>
  <testcase name="float_64bits1" time="0.005" classname="ieee754.testSANE"/>
  <testcase name="floatMinus1" time="0.001" classname="ieee754.testSANE"/>
  <testcase name="floatThreeQuarter" time="0.003" classname="ieee754.testSANE"/>
  <testcase name="float22255" time="0.001" classname="ieee754.testSANE"/>
  <testcase name="float11127" time="0.001" classname="ieee754.testSANE"/>
  <testcase name="float_64bitsPI" time="0.002" classname="ieee754.testSANE"/>
  <testcase name="float_64bits0" time="0.010" classname="ieee754.testSANE"/>
  <testcase name="float_64bits16" time="0.002" classname="ieee754.testSANE"/>
  <testcase name="float8000" time="0.001" classname="ieee754.testSANE"/>
  <testcase name="floatNotaNumber" time="0.001" classname="ieee754.testSANE"/>
  <testcase name="float_64bits1to100" time="0.182" classname="ieee754.testSANE"/>
  <testcase name="float48000" time="0.001" classname="ieee754.testSANE"/>
</testsuite>
