<?xml version="1.0" encoding="UTF-8"?>
<!-- Generated by org.testng.reporters.JUnitReportReporter -->
<testsuite hostname="macbookprojp-5.home" name="org.sane80bits.converter.saneExtendedPrecision.tests.TestSane80bitsByteArrayToDouble" tests="20" failures="0" timestamp="11 Feb 2012 22:04:56 GMT" time="0.504" errors="0">
  <testcase name="sane80bitsByteArrayMinus1toDouble" time="0.021" classname="org.sane80bits.converter.saneExtendedPrecision.tests.TestSane80bitsByteArrayToDouble"/>
  <testcase name="sane80bitsByteArray8000toDouble" time="0.020" classname="org.sane80bits.converter.saneExtendedPrecision.tests.TestSane80bitsByteArrayToDouble"/>
  <testcase name="sane80bitsByteArrayMinus11127toBinaryString" time="0.022" classname="org.sane80bits.converter.saneExtendedPrecision.tests.TestSane80bitsByteArrayToDouble"/>
  <testcase name="sane80bitsByteArayThreeQuarterToDouble" time="0.010" classname="org.sane80bits.converter.saneExtendedPrecision.tests.TestSane80bitsByteArrayToDouble"/>
  <testcase name="sane80bitsByteArrayMinusInfinityToDouble" time="0.016" classname="org.sane80bits.converter.saneExtendedPrecision.tests.TestSane80bitsByteArrayToDouble"/>
  <testcase name="sane80bitsByteArray44100toDouble" time="0.015" classname="org.sane80bits.converter.saneExtendedPrecision.tests.TestSane80bitsByteArrayToDouble"/>
  <testcase name="sane80bitsByteArrayNotaNumberToDouble" time="0.013" classname="org.sane80bits.converter.saneExtendedPrecision.tests.TestSane80bitsByteArrayToDouble"/>
  <testcase name="sane80bitsByteArrayNegativeNotaNumberToDouble" time="0.027" classname="org.sane80bits.converter.saneExtendedPrecision.tests.TestSane80bitsByteArrayToDouble"/>
  <testcase name="sane80bits2toSane80bitsDouble" time="0.137" classname="org.sane80bits.converter.saneExtendedPrecision.tests.TestSane80bitsByteArrayToDouble"/>
  <testcase name="sane80bitsByteArrayInfinityToDouble" time="0.014" classname="org.sane80bits.converter.saneExtendedPrecision.tests.TestSane80bitsByteArrayToDouble"/>
  <testcase name="sane80bitsByteArray22255toDouble" time="0.011" classname="org.sane80bits.converter.saneExtendedPrecision.tests.TestSane80bitsByteArrayToDouble"/>
  <testcase name="sane80bitsByteArrayHalftoDouble" time="0.024" classname="org.sane80bits.converter.saneExtendedPrecision.tests.TestSane80bitsByteArrayToDouble"/>
  <testcase name="sane80bitsByteArrayNegativeZeroToDouble" time="0.018" classname="org.sane80bits.converter.saneExtendedPrecision.tests.TestSane80bitsByteArrayToDouble"/>
  <testcase name="sane80bitsByteArrayMinus22255" time="0.010" classname="org.sane80bits.converter.saneExtendedPrecision.tests.TestSane80bitsByteArrayToDouble"/>
  <testcase name="sane80bitsByteArrayPositiveZeroToDouble" time="0.052" classname="org.sane80bits.converter.saneExtendedPrecision.tests.TestSane80bitsByteArrayToDouble"/>
  <testcase name="sane80bitsByteArray11127toBinaryString" time="0.029" classname="org.sane80bits.converter.saneExtendedPrecision.tests.TestSane80bitsByteArrayToDouble"/>
  <testcase name="sane80bitsByteArray1ToDouble" time="0.007" classname="org.sane80bits.converter.saneExtendedPrecision.tests.TestSane80bitsByteArrayToDouble"/>
  <testcase name="sane80bitsByteArray48000toDouble" time="0.034" classname="org.sane80bits.converter.saneExtendedPrecision.tests.TestSane80bitsByteArrayToDouble"/>
  <testcase name="sane80bitsByteArray11127toDouble" time="0.013" classname="org.sane80bits.converter.saneExtendedPrecision.tests.TestSane80bitsByteArrayToDouble"/>
  <testcase name="sane80bitsByteArray32000toDouble" time="0.011" classname="org.sane80bits.converter.saneExtendedPrecision.tests.TestSane80bitsByteArrayToDouble"/>
</testsuite>
