<?xml version="1.0" encoding="UTF-8"?>
<!-- Generated by org.testng.reporters.JUnitReportReporter -->
<testsuite hostname="new-host.home" name="org.sane80bits.converter.saneExtendedPrecision.tests.TestDoubleToSane80BitsByteArray" tests="14" failures="0" timestamp="3 Mar 2012 10:01:34 GMT" time="0.013" errors="0">
  <testcase name="doubleHalfToSane80bitsByteArray" time="0.001" classname="org.sane80bits.converter.saneExtendedPrecision.tests.TestDoubleToSane80BitsByteArray"/>
  <testcase name="doubleNegative48000toSane80bitsByteArray" time="0.001" classname="org.sane80bits.converter.saneExtendedPrecision.tests.TestDoubleToSane80BitsByteArray"/>
  <testcase name="doubleOneToSane80bitsByteArray" time="0.000" classname="org.sane80bits.converter.saneExtendedPrecision.tests.TestDoubleToSane80BitsByteArray"/>
  <testcase name="doubleNaNtoSane80bitsByteArray" time="0.001" classname="org.sane80bits.converter.saneExtendedPrecision.tests.TestDoubleToSane80BitsByteArray"/>
  <testcase name="double8000toByteArray" time="0.001" classname="org.sane80bits.converter.saneExtendedPrecision.tests.TestDoubleToSane80BitsByteArray"/>
  <testcase name="doubleMinus1toByteArray" time="0.001" classname="org.sane80bits.converter.saneExtendedPrecision.tests.TestDoubleToSane80BitsByteArray"/>
  <testcase name="double0point1toByteArray" time="0.001" classname="org.sane80bits.converter.saneExtendedPrecision.tests.TestDoubleToSane80BitsByteArray"/>
  <testcase name="doubleInfinityToSane80bitsByteArray" time="0.001" classname="org.sane80bits.converter.saneExtendedPrecision.tests.TestDoubleToSane80BitsByteArray"/>
  <testcase name="double48000toSane80bitsByteArray" time="0.001" classname="org.sane80bits.converter.saneExtendedPrecision.tests.TestDoubleToSane80BitsByteArray"/>
  <testcase name="double2toByteArray" time="0.001" classname="org.sane80bits.converter.saneExtendedPrecision.tests.TestDoubleToSane80BitsByteArray"/>
  <testcase name="doubleTo11127toSane80bitsByteArray" time="0.001" classname="org.sane80bits.converter.saneExtendedPrecision.tests.TestDoubleToSane80BitsByteArray"/>
  <testcase name="double11127toSane80bitsByteArray" time="0.001" classname="org.sane80bits.converter.saneExtendedPrecision.tests.TestDoubleToSane80BitsByteArray"/>
  <testcase name="doubleNegativeInfinityToSane80bitsByteArray" time="0.001" classname="org.sane80bits.converter.saneExtendedPrecision.tests.TestDoubleToSane80BitsByteArray"/>
  <testcase name="double1point5toByteArray" time="0.001" classname="org.sane80bits.converter.saneExtendedPrecision.tests.TestDoubleToSane80BitsByteArray"/>
</testsuite>
