<?xml version="1.0" encoding="UTF-8"?>
<!-- Generated by org.testng.reporters.JUnitReportReporter -->
<testsuite hostname="new-host.home" name="org.sane80bits.converter.saneExtendedPrecision.tests.TestNullConversion64bits" tests="10" failures="0" timestamp="3 Mar 2012 10:01:34 GMT" time="0.077" errors="0">
  <testcase name="nullConversion64bitsPI" time="0.001" classname="org.sane80bits.converter.saneExtendedPrecision.tests.TestNullConversion64bits"/>
  <testcase name="nullConversion64bits4" time="0.000" classname="org.sane80bits.converter.saneExtendedPrecision.tests.TestNullConversion64bits"/>
  <testcase name="nullConversion64bits1" time="0.001" classname="org.sane80bits.converter.saneExtendedPrecision.tests.TestNullConversion64bits"/>
  <testcase name="nullConversion64bits3" time="0.001" classname="org.sane80bits.converter.saneExtendedPrecision.tests.TestNullConversion64bits"/>
  <testcase name="nullConversion64bits16" time="0.000" classname="org.sane80bits.converter.saneExtendedPrecision.tests.TestNullConversion64bits"/>
  <testcase name="nullConversion64bits1to100" time="0.072" classname="org.sane80bits.converter.saneExtendedPrecision.tests.TestNullConversion64bits"/>
  <testcase name="nullConversion64bits0" time="0.001" classname="org.sane80bits.converter.saneExtendedPrecision.tests.TestNullConversion64bits"/>
  <testcase name="nullConversion64bits2" time="0.000" classname="org.sane80bits.converter.saneExtendedPrecision.tests.TestNullConversion64bits"/>
  <testcase name="nullConversion64bits0point1" time="0.001" classname="org.sane80bits.converter.saneExtendedPrecision.tests.TestNullConversion64bits"/>
  <testcase name="nullConversion64bitsNaN" time="0.000" classname="org.sane80bits.converter.saneExtendedPrecision.tests.TestNullConversion64bits"/>
</testsuite>
